2021/07/30 15:11:15.461 +0800 INFO [AzkabanExecutorServer] [Azkaban] Starting Jetty Azkaban Executor...
2021/07/30 15:11:15.521 +0800 INFO [AzkabanServer] [Azkaban] Loading azkaban settings file from bin/internal/../../conf
2021/07/30 15:11:15.526 +0800 INFO [AzkabanServer] [Azkaban] Loading azkaban properties file
2021/07/30 15:11:16.561 +0800 INFO [JdbcProjectImpl] [Azkaban] project temporary folder is being constructed.
2021/07/30 15:11:16.562 +0800 WARN [StorageCleaner] [Azkaban] Project cleanup disabled. All artifacts will be stored.
2021/07/30 15:11:16.579 +0800 INFO [AzkabanExecServerModule] [Azkaban] Event reporter is not enabled
2021/07/30 15:11:16.580 +0800 INFO [FlowRunnerManager] [Azkaban] Creating subprocess to run shell command: chmod g+s executions
2021/07/30 15:11:16.602 +0800 INFO [FlowRunnerManager] [Azkaban] useNewThreadPool: false
2021/07/30 15:11:16.604 +0800 INFO [JobTypeManager] [Azkaban] Loading plugin default job types
2021/07/30 15:11:16.607 +0800 INFO [JobTypeManager] [Azkaban] Job type plugin directory set. Loading extra job types from plugins/jobtypes
2021/07/30 15:11:16.607 +0800 INFO [JobTypeManager] [Azkaban] Common plugin job props file plugins/jobtypes/common.properties not found. Using only globals props
2021/07/30 15:11:16.608 +0800 INFO [JobTypeManager] [Azkaban] Common plugin load props file plugins/jobtypes/commonprivate.properties found. Attempt to load.
2021/07/30 15:11:16.616 +0800 INFO [FlowRunnerManager] [Azkaban] # of executing flows: 0
2021/07/30 15:11:16.618 +0800 INFO [FlowRunnerManager] [Azkaban] Cleaning recently finished
2021/07/30 15:11:16.640 +0800 INFO [ExecJettyServerModule] [Azkaban] Setting up connector with stats on: true
2021/07/30 15:11:16.640 +0800 INFO [ExecJettyServerModule] [Azkaban] Jetty connector name: 0.0.0.0:0, default header buffer size: 4096
2021/07/30 15:11:16.640 +0800 INFO [ExecJettyServerModule] [Azkaban] Jetty connector name: 0.0.0.0:0, (if) new header buffer size: 4096
2021/07/30 15:11:16.702 +0800 INFO [JmxJobMBeanManager] [Azkaban] Initializing azkaban.execapp.jmx.JmxJobMBeanManager
2021/07/30 15:11:16.702 +0800 INFO [AzkabanExecutorServer] [Azkaban] Job callback enabled? true
2021/07/30 15:11:16.707 +0800 INFO [JobCallbackManager] [Azkaban] Initializing
2021/07/30 15:11:16.710 +0800 INFO [JobCallbackRequestMaker] [Azkaban] responseWaitTimeoutMS: 5000
2021/07/30 15:11:16.711 +0800 INFO [JobCallbackRequestMaker] [Azkaban] Global request configuration [expectContinueEnabled=false, proxy=null, localAddress=null, cookieSpec=null, redirectsEnabled=true, relativeRedirectsAllowed=true, maxRedirects=50, circularRedirectsAllowed=false, authenticationEnabled=true, targetPreferredAuthSchemes=null, proxyPreferredAuthSchemes=null, connectionRequestTimeout=3000, connectTimeout=3000, socketTimeout=3000, contentCompressionEnabled=true]
2021/07/30 15:11:17.365 +0800 INFO [JobCallbackRequestMaker] [Azkaban] Jobcall thread pool size: 10
2021/07/30 15:11:17.366 +0800 INFO [JobCallbackRequestMaker] [Azkaban] Initialization for azkaban.execapp.event.JobCallbackRequestMaker is completed
2021/07/30 15:11:17.367 +0800 INFO [JobCallbackManager] [Azkaban] Initialization completed azkaban.execapp.event.JobCallbackManager
2021/07/30 15:11:17.368 +0800 INFO [JobCallbackManager] [Azkaban] azkabanHostName localhost:8081
2021/07/30 15:11:17.368 +0800 INFO [AzkabanExecutorServer] [Azkaban] Registering MBeans...
2021/07/30 15:11:17.388 +0800 INFO [MBeanRegistrationManager] [Azkaban] Bean azkaban.jmx.JmxJettyServer registered.
2021/07/30 15:11:17.392 +0800 INFO [MBeanRegistrationManager] [Azkaban] Bean azkaban.execapp.jmx.JmxFlowRunnerManager registered.
2021/07/30 15:11:17.393 +0800 INFO [MBeanRegistrationManager] [Azkaban] Bean azkaban.execapp.jmx.JmxFlowRampManager registered.
2021/07/30 15:11:17.395 +0800 INFO [MBeanRegistrationManager] [Azkaban] Bean azkaban.execapp.jmx.JmxJobMBeanManager registered.
2021/07/30 15:11:17.395 +0800 INFO [MBeanRegistrationManager] [Azkaban] Bean azkaban.execapp.jmx.JmxJobCallback registered.
2021/07/30 15:11:17.397 +0800 INFO [AzkabanExecutorServer] [Azkaban] No value for property: jmx.attribute.processor.class was found
2021/07/30 15:11:17.397 +0800 INFO [AzkabanExecutorServer] [Azkaban] executor.port wasn't set - free port will be picked automatically. Executor is started with active=false and must be activated separately.
2021/07/30 15:11:18.034 +0800 INFO [AzkabanExecutorServer] [Azkaban] This executor wasn't found in the DB. Adding self.
2021/07/30 15:11:18.048 +0800 INFO [AzkabanExecutorServer] [Azkaban] Started Executor Server on dev001:34463
2021/07/30 15:11:18.076 +0800 INFO [AzkabanExecutorServer] [Azkaban] Setting timezone to Asia/Shanghai
2021/07/30 15:12:16.622 +0800 INFO [FlowRunnerManager] [Azkaban] # of executing flows: 0
2021/07/30 15:13:16.622 +0800 INFO [FlowRunnerManager] [Azkaban] # of executing flows: 0
2021/07/30 15:13:16.623 +0800 INFO [FlowRunnerManager] [Azkaban] Cleaning recently finished
2021/07/30 15:14:16.623 +0800 INFO [FlowRunnerManager] [Azkaban] # of executing flows: 0
2021/07/30 15:15:16.623 +0800 INFO [FlowRunnerManager] [Azkaban] # of executing flows: 0
2021/07/30 15:16:16.623 +0800 INFO [FlowRunnerManager] [Azkaban] # of executing flows: 0
2021/07/30 15:16:16.624 +0800 INFO [FlowRunnerManager] [Azkaban] Cleaning recently finished
2021/07/30 15:17:16.624 +0800 INFO [FlowRunnerManager] [Azkaban] # of executing flows: 0
2021/07/30 15:18:16.624 +0800 INFO [FlowRunnerManager] [Azkaban] # of executing flows: 0
2021/07/30 15:19:16.625 +0800 INFO [FlowRunnerManager] [Azkaban] # of executing flows: 0
2021/07/30 15:19:16.625 +0800 INFO [FlowRunnerManager] [Azkaban] Cleaning recently finished
2021/07/30 15:20:16.625 +0800 INFO [FlowRunnerManager] [Azkaban] # of executing flows: 0
2021/07/30 15:21:16.625 +0800 INFO [FlowRunnerManager] [Azkaban] # of executing flows: 0
2021/07/30 15:21:16.626 +0800 INFO [FlowRunnerManager] [Azkaban] Cleaning recently finished
2021/07/30 15:22:16.626 +0800 INFO [FlowRunnerManager] [Azkaban] # of executing flows: 0
2021/07/30 15:23:16.626 +0800 INFO [FlowRunnerManager] [Azkaban] # of executing flows: 0
2021/07/30 15:24:16.627 +0800 INFO [FlowRunnerManager] [Azkaban] # of executing flows: 0
2021/07/30 15:24:16.627 +0800 INFO [FlowRunnerManager] [Azkaban] Cleaning recently finished
