Error: HADOOP_HOME is not set. Hadoop job types will not run properly.
bin/internal/../..
.:/usr/local/jdk1.8.0_291/lib/dt.jar:/usr/local/jdk1.8.0_291/lib/tools.jar:bin/internal/../../lib/activation-1.1.jar:bin/internal/../../lib/antlr-2.7.2.jar:bin/internal/../../lib/aopalliance-1.0.jar:bin/internal/../../lib/az-core-3.84.4.jar:bin/internal/../../lib/az-flow-trigger-dependency-plugin-3.84.4.jar:bin/internal/../../lib/azkaban-common-3.84.4.jar:bin/internal/../../lib/azkaban-db-3.84.4.jar:bin/internal/../../lib/azkaban-spi-3.84.4.jar:bin/internal/../../lib/azkaban-web-server-3.84.4.jar:bin/internal/../../lib/c3p0-0.9.1.1.jar:bin/internal/../../lib/cached-http-filesystem-3.84.4.jar:bin/internal/../../lib/cglib-nodep-2.2.jar:bin/internal/../../lib/commons-beanutils-1.7.0.jar:bin/internal/../../lib/commons-chain-1.1.jar:bin/internal/../../lib/commons-codec-1.13.jar:bin/internal/../../lib/commons-collections-3.2.2.jar:bin/internal/../../lib/commons-compress-1.2.jar:bin/internal/../../lib/commons-dbcp2-2.1.1.jar:bin/internal/../../lib/commons-dbutils-1.5.jar:bin/internal/../../lib/commons-digester-1.8.jar:bin/internal/../../lib/commons-fileupload-1.2.1.jar:bin/internal/../../lib/commons-io-2.4.jar:bin/internal/../../lib/commons-jexl-2.1.1.jar:bin/internal/../../lib/commons-lang-2.6.jar:bin/internal/../../lib/commons-logging-1.2.jar:bin/internal/../../lib/commons-math3-3.0.jar:bin/internal/../../lib/commons-pool2-2.4.2.jar:bin/internal/../../lib/commons-validator-1.3.1.jar:bin/internal/../../lib/data-1.15.7.jar:bin/internal/../../lib/data-transform-1.15.7.jar:bin/internal/../../lib/dom4j-1.1.jar:bin/internal/../../lib/gson-2.8.1.jar:bin/internal/../../lib/guava-21.0.jar:bin/internal/../../lib/guice-4.1.0.jar:bin/internal/../../lib/httpclient-4.5.3.jar:bin/internal/../../lib/httpcore-4.4.6.jar:bin/internal/../../lib/jackson-core-2.2.2.jar:bin/internal/../../lib/jackson-core-asl-1.9.5.jar:bin/internal/../../lib/jackson-mapper-asl-1.9.5.jar:bin/internal/../../lib/javax.inject-1.jar:bin/internal/../../lib/javax.servlet-api-3.0.1.jar:bin/internal/../../lib/jetty-6.1.26.jar:bin/internal/../../lib/jetty-util-6.1.26.jar:bin/internal/../../lib/joda-time-2.0.jar:bin/internal/../../lib/jopt-simple-4.3.jar:bin/internal/../../lib/json-20070829.jar:bin/internal/../../lib/li-jersey-uri-1.15.7.jar:bin/internal/../../lib/log4j-1.2.17.jar:bin/internal/../../lib/mail-1.4.5.jar:bin/internal/../../lib/metrics-core-3.1.0.jar:bin/internal/../../lib/metrics-jvm-3.1.0.jar:bin/internal/../../lib/mina-core-1.1.7.jar:bin/internal/../../lib/mysql-connector-java-5.1.28.jar:bin/internal/../../lib/netty-3.2.3.Final.jar:bin/internal/../../lib/oro-2.0.8.jar:bin/internal/../../lib/parseq-1.3.6.jar:bin/internal/../../lib/pegasus-common-1.15.7.jar:bin/internal/../../lib/quartz-2.2.1.jar:bin/internal/../../lib/r2-1.15.7.jar:bin/internal/../../lib/restli-common-1.15.7.jar:bin/internal/../../lib/restli-server-1.15.7.jar:bin/internal/../../lib/servlet-api-2.5-20081211.jar:bin/internal/../../lib/slf4j-api-1.7.18.jar:bin/internal/../../lib/slf4j-log4j12-1.7.18.jar:bin/internal/../../lib/snakeyaml-1.18.jar:bin/internal/../../lib/snappy-0.3.jar:bin/internal/../../lib/sslext-1.2-0.jar:bin/internal/../../lib/struts-core-1.3.8.jar:bin/internal/../../lib/struts-taglib-1.3.8.jar:bin/internal/../../lib/struts-tiles-1.3.8.jar:bin/internal/../../lib/velocity-1.7.jar:bin/internal/../../lib/velocity-tools-2.0.jar:bin/internal/../../extlib/*.jar:bin/internal/../../plugins/*/*.jar
2021/07/30 15:15:35.459 +0800 INFO [AzkabanWebServer] [Azkaban] Starting Jetty Azkaban Web Server...
2021/07/30 15:15:35.498 +0800 INFO [AzkabanServer] [Azkaban] Loading azkaban settings file from bin/internal/../../conf
2021/07/30 15:15:35.500 +0800 INFO [AzkabanServer] [Azkaban] Loading azkaban properties file
2021/07/30 15:15:36.452 +0800 INFO [log] [Azkaban] Logging to org.slf4j.impl.Log4jLoggerAdapter(org.mortbay.log) via org.mortbay.log.Slf4jLog
2021/07/30 15:15:36.453 +0800 INFO [WebServerProvider] [Azkaban] Setting up connector with stats on: true
2021/07/30 15:15:36.455 +0800 INFO [WebServerProvider] [Azkaban] Starting server on port: 8081 # Max threads: 25
2021/07/30 15:15:36.533 +0800 WARN [StorageCleaner] [Azkaban] Project cleanup disabled. All artifacts will be stored.
2021/07/30 15:15:36.533 +0800 INFO [ValidatorUtils] [Azkaban] Creating XmlValidatorManager instance (loading validators)...
2021/07/30 15:15:36.535 +0800 WARN [XmlValidatorManager] [Azkaban] Validator directory validators does not exist or is not a directory.
2021/07/30 15:15:36.538 +0800 WARN [XmlValidatorManager] [Azkaban] Azkaban properties file does not contain the key project.validators.xml.file
2021/07/30 15:15:36.538 +0800 INFO [ValidatorUtils] [Azkaban] XmlValidatorManager instance created.
2021/07/30 15:15:36.539 +0800 INFO [AzkabanProjectLoader] [Azkaban] Using temp dir: /home/suyongjie/azkaban-on-k8s/dockerfile/azkaban-web-server-3.84.4/temp
2021/07/30 15:15:36.539 +0800 INFO [AzkabanProjectLoader] [Azkaban] Project version retention is set to 3
2021/07/30 15:15:36.540 +0800 INFO [ProjectManager] [Azkaban] Loading active projects.
2021/07/30 15:15:36.962 +0800 INFO [ProjectManager] [Azkaban] Loading flows from active projects.
2021/07/30 15:15:36.971 +0800 INFO [ProjectManager] [Azkaban] Loading whitelisted projects.
2021/07/30 15:15:36.971 +0800 INFO [ProjectManager] [Azkaban] ProjectManager instance created.
2021/07/30 15:15:37.039 +0800 INFO [TriggerManager] [Azkaban] TriggerManager loaded.
2021/07/30 15:15:37.041 +0800 WARN [SessionCache] [Azkaban] azkaban.session.max_number_per_ip_per_user is not configured. The number of sessions per IP per user is not being capped.
2021/07/30 15:15:37.046 +0800 INFO [AzkabanWebServerModule] [Azkaban] Loading user manager class azkaban.user.XmlUserManager
2021/07/30 15:15:37.085 +0800 INFO [XmlUserManager] [Azkaban] Loading user suyongjie
2021/07/30 15:15:37.086 +0800 INFO [XmlUserManager] [Azkaban] Loading user metrics
2021/07/30 15:15:37.098 +0800 INFO [UserUtils] [Azkaban] Starting configuration watching thread.
2021/07/30 15:15:37.154 +0800 INFO [AzkabanWebServer] [Azkaban] Loading built-in checker and action types
2021/07/30 15:15:37.157 +0800 INFO [CheckerTypeLoader] [Azkaban] Registering checker BasicTimeChecker
2021/07/30 15:15:37.158 +0800 INFO [CheckerTypeLoader] [Azkaban] Registering checker SlaChecker
2021/07/30 15:15:37.162 +0800 INFO [CheckerTypeLoader] [Azkaban] Registering checker ExecutionChecker
2021/07/30 15:15:37.162 +0800 INFO [ActionTypeLoader] [Azkaban] Registering action ExecuteFlowAction
2021/07/30 15:15:37.163 +0800 INFO [ActionTypeLoader] [Azkaban] Registering action KillExecutionAction
2021/07/30 15:15:37.163 +0800 INFO [ActionTypeLoader] [Azkaban] Registering action AlertAction
2021/07/30 15:15:37.163 +0800 INFO [ActionTypeLoader] [Azkaban] Registering action CreateTriggerAction
2021/07/30 15:15:37.164 +0800 INFO [PluginCheckerAndActionsLoader] [Azkaban] Loading plug-in checker and action types
2021/07/30 15:15:37.164 +0800 ERROR [PluginCheckerAndActionsLoader] [Azkaban] plugin path plugins/triggers doesn't exist!
2021/07/30 15:15:37.196 +0800 INFO [AzkabanWebServer] [Azkaban] Setting timezone to Asia/Shanghai
2021/07/30 15:15:37.196 +0800 INFO [AzkabanWebServer] [Azkaban] Registering MBeans...
2021/07/30 15:15:37.218 +0800 INFO [MBeanRegistrationManager] [Azkaban] Bean azkaban.jmx.JmxJettyServer registered.
2021/07/30 15:15:37.220 +0800 INFO [MBeanRegistrationManager] [Azkaban] Bean azkaban.jmx.JmxTriggerManager registered.
2021/07/30 15:15:37.222 +0800 INFO [MBeanRegistrationManager] [Azkaban] Bean azkaban.jmx.JmxExecutorManager registered.
2021/07/30 15:15:37.257 +0800 INFO [MBeanRegistrationManager] [Azkaban] Bean org.apache.log4j.jmx.HierarchyDynamicMBean registered.
2021/07/30 15:15:37.258 +0800 INFO [AzkabanWebServer] [Azkaban] ************* loginLoggerObjName is null, make sure there is a logger with name azkaban.webapp.servlet.LoginAbstractAzkabanServlet
2021/07/30 15:15:37.261 +0800 INFO [ExecutorManager] [Azkaban] Initializing executors from database.
2021/07/30 15:15:37.277 +0800 INFO [ExecutorManager] [Azkaban] Loading running flows from database..
2021/07/30 15:15:37.304 +0800 INFO [ExecutorManager] [Azkaban] Loaded 0 running flows
2021/07/30 15:15:37.308 +0800 INFO [ExecutorManager] [Azkaban] QueueProcessorThread active turned true
2021/07/30 15:15:37.322 +0800 INFO [ExecutionLogsCleaner] [Azkaban] Starting execution logs clean up thread
2021/07/30 15:15:37.334 +0800 INFO [ExecutionLogsCleaner] [Azkaban] Cleaning old logs from execution_logs
2021/07/30 15:15:37.351 +0800 INFO [AzkabanWebServer] [Azkaban] Setting up web resource dir web/
2021/07/30 15:15:37.524 +0800 INFO [ExecutionLogsCleaner] [Azkaban] Cleaning old log files before 2021-05-07T15:15:37.334+08:00
2021/07/30 15:15:37.543 +0800 INFO [ExecutionLogsCleaner] [Azkaban] Cleaned up 0 log entries.
2021/07/30 15:15:37.543 +0800 INFO [ExecutionLogsCleaner] [Azkaban] log clean up time: 19 ms.
2021/07/30 15:15:37.594 +0800 INFO [JdbcTriggerImpl] [Azkaban] Loading all triggers from db.
2021/07/30 15:15:37.604 +0800 INFO [JdbcTriggerImpl] [Azkaban] Loaded 0 triggers.
2021/07/30 15:15:37.611 +0800 INFO [log] [Azkaban] jetty-6.1.26
2021/07/30 15:15:37.661 +0800 INFO [ProjectManagerServlet] [Azkaban] downloadBufferSize: 8192
2021/07/30 15:15:37.794 +0800 INFO [RestLiAnnotationReader] [Azkaban] Processed actions resource 'azkaban.restli.ProjectManagerResource'
2021/07/30 15:15:37.831 +0800 INFO [RestLiAnnotationReader] [Azkaban] Processed actions resource 'azkaban.restli.UserManagerResource'
2021/07/30 15:15:37.856 +0800 INFO [log] [Azkaban] Started SocketConnector@0.0.0.0:8081
2021/07/30 15:15:37.856 +0800 INFO [AzkabanWebServer] [Azkaban] Server started
2021/07/30 15:16:01.034 +0800 INFO [LoginAbstractAzkabanServlet] [Azkaban] 123.120.106.108  -  "GET / - HTTP/1.1" browser
2021/07/30 15:16:09.154 +0800 INFO [LoginAbstractAzkabanServlet] [Azkaban] 123.120.106.108  -  "POST / - HTTP/1.1" browser
2021/07/30 15:16:11.646 +0800 INFO [LoginAbstractAzkabanServlet] [Azkaban] 123.120.106.108  -  "POST / - HTTP/1.1" browser
2021/07/30 15:16:11.837 +0800 INFO [LoginAbstractAzkabanServlet] [Azkaban] 123.120.106.108  -  "POST / - HTTP/1.1" browser
2021/07/30 15:18:38.844 +0800 INFO [LoginAbstractAzkabanServlet] [Azkaban] 123.120.106.108  -  "POST / - HTTP/1.1" browser
2021/07/30 15:19:15.454 +0800 INFO [LoginAbstractAzkabanServlet] [Azkaban] 123.120.106.108  -  "POST / - HTTP/1.1" browser
2021/07/30 15:19:15.459 +0800 INFO [LoginAbstractAzkabanServlet] [Azkaban] Session id created for user 'suyongjie' and ip 123.120.106.108, 0 session(s) found from this IP
2021/07/30 15:19:15.519 +0800 INFO [LoginAbstractAzkabanServlet] [Azkaban] 123.120.106.108 suyongjie "GET / - HTTP/1.1" browser
2021/07/30 15:19:15.534 +0800 INFO [LoginAbstractAzkabanServlet] [Azkaban] 123.120.106.108 suyongjie "GET /index - HTTP/1.1" browser
2021/07/30 15:19:18.286 +0800 INFO [LoginAbstractAzkabanServlet] [Azkaban] 123.120.106.108 suyongjie "GET /schedule - HTTP/1.1" browser
2021/07/30 15:21:31.348 +0800 INFO [LoginAbstractAzkabanServlet] [Azkaban] 123.120.106.108 suyongjie "GET /index - HTTP/1.1" browser
